{"C:\\Users\\DrissChaouat\\Code\\it-doku\\frontend-new\\src\\stores\\useAppStore.ts": {"path":"C:\\Users\\DrissChaouat\\Code\\it-doku\\frontend-new\\src\\stores\\useAppStore.ts","statementMap":{"0":{"start":{"line":42,"column":13},"end":{"line":106,"column":null}},"1":{"start":{"line":45,"column":22},"end":{"line":95,"column":8}},"2":{"start":{"line":60,"column":10},"end":{"line":63,"column":null}},"3":{"start":{"line":61,"column":12},"end":{"line":61,"column":null}},"4":{"start":{"line":62,"column":12},"end":{"line":62,"column":null}},"5":{"start":{"line":66,"column":10},"end":{"line":68,"column":null}},"6":{"start":{"line":67,"column":12},"end":{"line":67,"column":null}},"7":{"start":{"line":71,"column":10},"end":{"line":73,"column":null}},"8":{"start":{"line":72,"column":12},"end":{"line":72,"column":null}},"9":{"start":{"line":76,"column":10},"end":{"line":78,"column":null}},"10":{"start":{"line":77,"column":12},"end":{"line":77,"column":null}},"11":{"start":{"line":81,"column":10},"end":{"line":83,"column":null}},"12":{"start":{"line":82,"column":12},"end":{"line":82,"column":null}},"13":{"start":{"line":86,"column":10},"end":{"line":88,"column":null}},"14":{"start":{"line":87,"column":12},"end":{"line":87,"column":null}},"15":{"start":{"line":91,"column":10},"end":{"line":94,"column":null}},"16":{"start":{"line":92,"column":12},"end":{"line":92,"column":null}},"17":{"start":{"line":93,"column":12},"end":{"line":93,"column":null}},"18":{"start":{"line":98,"column":32},"end":{"line":101,"column":null}}},"fnMap":{"0":{"name":"(anonymous_0)","decl":{"start":{"line":45,"column":12},"end":{"line":45,"column":13}},"loc":{"start":{"line":45,"column":22},"end":{"line":95,"column":8}},"line":45},"1":{"name":"(anonymous_1)","decl":{"start":{"line":59,"column":17},"end":{"line":59,"column":18}},"loc":{"start":{"line":60,"column":10},"end":{"line":63,"column":null}},"line":60},"2":{"name":"(anonymous_2)","decl":{"start":{"line":60,"column":14},"end":{"line":60,"column":15}},"loc":{"start":{"line":60,"column":25},"end":{"line":63,"column":11}},"line":60},"3":{"name":"(anonymous_3)","decl":{"start":{"line":65,"column":24},"end":{"line":65,"column":25}},"loc":{"start":{"line":66,"column":10},"end":{"line":68,"column":null}},"line":66},"4":{"name":"(anonymous_4)","decl":{"start":{"line":66,"column":14},"end":{"line":66,"column":15}},"loc":{"start":{"line":66,"column":25},"end":{"line":68,"column":11}},"line":66},"5":{"name":"(anonymous_5)","decl":{"start":{"line":70,"column":20},"end":{"line":70,"column":21}},"loc":{"start":{"line":71,"column":10},"end":{"line":73,"column":null}},"line":71},"6":{"name":"(anonymous_6)","decl":{"start":{"line":71,"column":14},"end":{"line":71,"column":15}},"loc":{"start":{"line":71,"column":25},"end":{"line":73,"column":11}},"line":71},"7":{"name":"(anonymous_7)","decl":{"start":{"line":75,"column":18},"end":{"line":75,"column":19}},"loc":{"start":{"line":76,"column":10},"end":{"line":78,"column":null}},"line":76},"8":{"name":"(anonymous_8)","decl":{"start":{"line":76,"column":14},"end":{"line":76,"column":15}},"loc":{"start":{"line":76,"column":25},"end":{"line":78,"column":11}},"line":76},"9":{"name":"(anonymous_9)","decl":{"start":{"line":80,"column":23},"end":{"line":80,"column":null}},"loc":{"start":{"line":81,"column":10},"end":{"line":83,"column":null}},"line":81},"10":{"name":"(anonymous_10)","decl":{"start":{"line":81,"column":14},"end":{"line":81,"column":15}},"loc":{"start":{"line":81,"column":25},"end":{"line":83,"column":11}},"line":81},"11":{"name":"(anonymous_11)","decl":{"start":{"line":85,"column":21},"end":{"line":85,"column":null}},"loc":{"start":{"line":86,"column":10},"end":{"line":88,"column":null}},"line":86},"12":{"name":"(anonymous_12)","decl":{"start":{"line":86,"column":14},"end":{"line":86,"column":15}},"loc":{"start":{"line":86,"column":25},"end":{"line":88,"column":11}},"line":86},"13":{"name":"(anonymous_13)","decl":{"start":{"line":90,"column":16},"end":{"line":90,"column":null}},"loc":{"start":{"line":91,"column":10},"end":{"line":94,"column":null}},"line":91},"14":{"name":"(anonymous_14)","decl":{"start":{"line":91,"column":14},"end":{"line":91,"column":15}},"loc":{"start":{"line":91,"column":25},"end":{"line":94,"column":11}},"line":91},"15":{"name":"(anonymous_15)","decl":{"start":{"line":98,"column":20},"end":{"line":98,"column":21}},"loc":{"start":{"line":98,"column":32},"end":{"line":101,"column":null}},"line":98}},"branchMap":{"0":{"loc":{"start":{"line":87,"column":35},"end":{"line":87,"column":null}},"type":"cond-expr","locations":[{"start":{"line":87,"column":69},"end":{"line":87,"column":79}},{"start":{"line":87,"column":79},"end":{"line":87,"column":null}}],"line":87}},"s":{"0":1,"1":1,"2":2,"3":2,"4":2,"5":2,"6":2,"7":2,"8":2,"9":2,"10":2,"11":3,"12":3,"13":2,"14":2,"15":1,"16":1,"17":1,"18":23},"f":{"0":1,"1":2,"2":2,"3":2,"4":2,"5":2,"6":2,"7":2,"8":2,"9":3,"10":3,"11":2,"12":2,"13":1,"14":1,"15":23},"b":{"0":[1,1]},"meta":{"lastBranch":1,"lastFunction":16,"lastStatement":19,"seen":{"s:42:13:106:Infinity":0,"f:45:12:45:13":0,"s:45:22:95:8":1,"f:59:17:59:18":1,"s:60:10:63:Infinity":2,"f:60:14:60:15":2,"s:61:12:61:Infinity":3,"s:62:12:62:Infinity":4,"f:65:24:65:25":3,"s:66:10:68:Infinity":5,"f:66:14:66:15":4,"s:67:12:67:Infinity":6,"f:70:20:70:21":5,"s:71:10:73:Infinity":7,"f:71:14:71:15":6,"s:72:12:72:Infinity":8,"f:75:18:75:19":7,"s:76:10:78:Infinity":9,"f:76:14:76:15":8,"s:77:12:77:Infinity":10,"f:80:23:80:Infinity":9,"s:81:10:83:Infinity":11,"f:81:14:81:15":10,"s:82:12:82:Infinity":12,"f:85:21:85:Infinity":11,"s:86:10:88:Infinity":13,"f:86:14:86:15":12,"s:87:12:87:Infinity":14,"b:87:69:87:79:87:79:87:Infinity":0,"f:90:16:90:Infinity":13,"s:91:10:94:Infinity":15,"f:91:14:91:15":14,"s:92:12:92:Infinity":16,"s:93:12:93:Infinity":17,"f:98:20:98:21":15,"s:98:32:101:Infinity":18}}}
,"C:\\Users\\DrissChaouat\\Code\\it-doku\\frontend-new\\src\\stores\\useConversationStore.ts": {"path":"C:\\Users\\DrissChaouat\\Code\\it-doku\\frontend-new\\src\\stores\\useConversationStore.ts","statementMap":{"0":{"start":{"line":66,"column":13},"end":{"line":205,"column":null}},"1":{"start":{"line":69,"column":22},"end":{"line":194,"column":8}},"2":{"start":{"line":79,"column":21},"end":{"line":79,"column":null}},"3":{"start":{"line":80,"column":10},"end":{"line":89,"column":null}},"4":{"start":{"line":81,"column":12},"end":{"line":87,"column":null}},"5":{"start":{"line":88,"column":12},"end":{"line":88,"column":null}},"6":{"start":{"line":90,"column":10},"end":{"line":90,"column":null}},"7":{"start":{"line":94,"column":10},"end":{"line":100,"column":null}},"8":{"start":{"line":95,"column":12},"end":{"line":95,"column":null}},"9":{"start":{"line":95,"column":71},"end":{"line":95,"column":85}},"10":{"start":{"line":96,"column":12},"end":{"line":99,"column":null}},"11":{"start":{"line":97,"column":14},"end":{"line":98,"column":null}},"12":{"start":{"line":103,"column":10},"end":{"line":105,"column":null}},"13":{"start":{"line":104,"column":12},"end":{"line":104,"column":null}},"14":{"start":{"line":109,"column":10},"end":{"line":126,"column":null}},"15":{"start":{"line":110,"column":33},"end":{"line":110,"column":null}},"16":{"start":{"line":110,"column":65},"end":{"line":110,"column":88}},"17":{"start":{"line":111,"column":12},"end":{"line":125,"column":null}},"18":{"start":{"line":112,"column":42},"end":{"line":116,"column":null}},"19":{"start":{"line":117,"column":14},"end":{"line":117,"column":null}},"20":{"start":{"line":118,"column":14},"end":{"line":118,"column":null}},"21":{"start":{"line":121,"column":14},"end":{"line":124,"column":null}},"22":{"start":{"line":122,"column":16},"end":{"line":123,"column":null}},"23":{"start":{"line":129,"column":10},"end":{"line":138,"column":null}},"24":{"start":{"line":130,"column":33},"end":{"line":130,"column":null}},"25":{"start":{"line":130,"column":65},"end":{"line":130,"column":88}},"26":{"start":{"line":131,"column":12},"end":{"line":137,"column":null}},"27":{"start":{"line":132,"column":30},"end":{"line":132,"column":null}},"28":{"start":{"line":132,"column":64},"end":{"line":132,"column":82}},"29":{"start":{"line":133,"column":14},"end":{"line":136,"column":null}},"30":{"start":{"line":134,"column":16},"end":{"line":134,"column":null}},"31":{"start":{"line":135,"column":16},"end":{"line":135,"column":null}},"32":{"start":{"line":141,"column":10},"end":{"line":149,"column":null}},"33":{"start":{"line":142,"column":33},"end":{"line":142,"column":null}},"34":{"start":{"line":142,"column":65},"end":{"line":142,"column":88}},"35":{"start":{"line":143,"column":12},"end":{"line":148,"column":null}},"36":{"start":{"line":144,"column":14},"end":{"line":146,"column":null}},"37":{"start":{"line":145,"column":23},"end":{"line":145,"column":null}},"38":{"start":{"line":147,"column":14},"end":{"line":147,"column":null}},"39":{"start":{"line":153,"column":10},"end":{"line":155,"column":null}},"40":{"start":{"line":154,"column":12},"end":{"line":154,"column":null}},"41":{"start":{"line":158,"column":10},"end":{"line":164,"column":null}},"42":{"start":{"line":159,"column":33},"end":{"line":159,"column":null}},"43":{"start":{"line":159,"column":65},"end":{"line":159,"column":88}},"44":{"start":{"line":160,"column":12},"end":{"line":163,"column":null}},"45":{"start":{"line":161,"column":34},"end":{"line":161,"column":null}},"46":{"start":{"line":162,"column":14},"end":{"line":162,"column":null}},"47":{"start":{"line":168,"column":10},"end":{"line":174,"column":null}},"48":{"start":{"line":169,"column":33},"end":{"line":169,"column":null}},"49":{"start":{"line":169,"column":65},"end":{"line":169,"column":88}},"50":{"start":{"line":170,"column":12},"end":{"line":173,"column":null}},"51":{"start":{"line":171,"column":14},"end":{"line":171,"column":null}},"52":{"start":{"line":172,"column":14},"end":{"line":172,"column":null}},"53":{"start":{"line":177,"column":10},"end":{"line":183,"column":null}},"54":{"start":{"line":178,"column":33},"end":{"line":178,"column":null}},"55":{"start":{"line":178,"column":65},"end":{"line":178,"column":88}},"56":{"start":{"line":179,"column":12},"end":{"line":182,"column":null}},"57":{"start":{"line":180,"column":14},"end":{"line":180,"column":null}},"58":{"start":{"line":181,"column":14},"end":{"line":181,"column":null}},"59":{"start":{"line":186,"column":10},"end":{"line":188,"column":null}},"60":{"start":{"line":187,"column":12},"end":{"line":187,"column":null}},"61":{"start":{"line":191,"column":10},"end":{"line":193,"column":null}},"62":{"start":{"line":192,"column":12},"end":{"line":192,"column":null}},"63":{"start":{"line":197,"column":32},"end":{"line":200,"column":null}},"64":{"start":{"line":208,"column":40},"end":{"line":209,"column":null}},"65":{"start":{"line":209,"column":2},"end":{"line":209,"column":null}},"66":{"start":{"line":209,"column":34},"end":{"line":209,"column":69}},"67":{"start":{"line":211,"column":42},"end":{"line":212,"column":null}},"68":{"start":{"line":211,"column":70},"end":{"line":212,"column":null}},"69":{"start":{"line":212,"column":2},"end":{"line":212,"column":null}},"70":{"start":{"line":212,"column":34},"end":{"line":212,"column":57}}},"fnMap":{"0":{"name":"(anonymous_0)","decl":{"start":{"line":69,"column":12},"end":{"line":69,"column":13}},"loc":{"start":{"line":69,"column":22},"end":{"line":194,"column":8}},"line":69},"1":{"name":"(anonymous_1)","decl":{"start":{"line":78,"column":28},"end":{"line":78,"column":29}},"loc":{"start":{"line":78,"column":52},"end":{"line":91,"column":null}},"line":78},"2":{"name":"(anonymous_2)","decl":{"start":{"line":80,"column":14},"end":{"line":80,"column":15}},"loc":{"start":{"line":80,"column":25},"end":{"line":89,"column":11}},"line":80},"3":{"name":"(anonymous_3)","decl":{"start":{"line":93,"column":28},"end":{"line":93,"column":29}},"loc":{"start":{"line":94,"column":10},"end":{"line":100,"column":null}},"line":94},"4":{"name":"(anonymous_4)","decl":{"start":{"line":94,"column":14},"end":{"line":94,"column":15}},"loc":{"start":{"line":94,"column":25},"end":{"line":100,"column":11}},"line":94},"5":{"name":"(anonymous_5)","decl":{"start":{"line":95,"column":61},"end":{"line":95,"column":62}},"loc":{"start":{"line":95,"column":71},"end":{"line":95,"column":85}},"line":95},"6":{"name":"(anonymous_6)","decl":{"start":{"line":102,"column":31},"end":{"line":102,"column":32}},"loc":{"start":{"line":103,"column":10},"end":{"line":105,"column":null}},"line":103},"7":{"name":"(anonymous_7)","decl":{"start":{"line":103,"column":14},"end":{"line":103,"column":15}},"loc":{"start":{"line":103,"column":25},"end":{"line":105,"column":11}},"line":103},"8":{"name":"(anonymous_8)","decl":{"start":{"line":108,"column":20},"end":{"line":108,"column":21}},"loc":{"start":{"line":109,"column":10},"end":{"line":126,"column":null}},"line":109},"9":{"name":"(anonymous_9)","decl":{"start":{"line":109,"column":14},"end":{"line":109,"column":15}},"loc":{"start":{"line":109,"column":25},"end":{"line":126,"column":11}},"line":109},"10":{"name":"(anonymous_10)","decl":{"start":{"line":110,"column":58},"end":{"line":110,"column":59}},"loc":{"start":{"line":110,"column":65},"end":{"line":110,"column":88}},"line":110},"11":{"name":"(anonymous_11)","decl":{"start":{"line":128,"column":23},"end":{"line":128,"column":24}},"loc":{"start":{"line":129,"column":10},"end":{"line":138,"column":null}},"line":129},"12":{"name":"(anonymous_12)","decl":{"start":{"line":129,"column":14},"end":{"line":129,"column":15}},"loc":{"start":{"line":129,"column":25},"end":{"line":138,"column":11}},"line":129},"13":{"name":"(anonymous_13)","decl":{"start":{"line":130,"column":58},"end":{"line":130,"column":59}},"loc":{"start":{"line":130,"column":65},"end":{"line":130,"column":88}},"line":130},"14":{"name":"(anonymous_14)","decl":{"start":{"line":132,"column":57},"end":{"line":132,"column":58}},"loc":{"start":{"line":132,"column":64},"end":{"line":132,"column":82}},"line":132},"15":{"name":"(anonymous_15)","decl":{"start":{"line":140,"column":23},"end":{"line":140,"column":24}},"loc":{"start":{"line":141,"column":10},"end":{"line":149,"column":null}},"line":141},"16":{"name":"(anonymous_16)","decl":{"start":{"line":141,"column":14},"end":{"line":141,"column":15}},"loc":{"start":{"line":141,"column":25},"end":{"line":149,"column":11}},"line":141},"17":{"name":"(anonymous_17)","decl":{"start":{"line":142,"column":58},"end":{"line":142,"column":59}},"loc":{"start":{"line":142,"column":65},"end":{"line":142,"column":88}},"line":142},"18":{"name":"(anonymous_18)","decl":{"start":{"line":145,"column":16},"end":{"line":145,"column":17}},"loc":{"start":{"line":145,"column":23},"end":{"line":145,"column":null}},"line":145},"19":{"name":"(anonymous_19)","decl":{"start":{"line":152,"column":22},"end":{"line":152,"column":23}},"loc":{"start":{"line":153,"column":10},"end":{"line":155,"column":null}},"line":153},"20":{"name":"(anonymous_20)","decl":{"start":{"line":153,"column":14},"end":{"line":153,"column":15}},"loc":{"start":{"line":153,"column":25},"end":{"line":155,"column":11}},"line":153},"21":{"name":"(anonymous_21)","decl":{"start":{"line":157,"column":29},"end":{"line":157,"column":30}},"loc":{"start":{"line":158,"column":10},"end":{"line":164,"column":null}},"line":158},"22":{"name":"(anonymous_22)","decl":{"start":{"line":158,"column":14},"end":{"line":158,"column":15}},"loc":{"start":{"line":158,"column":25},"end":{"line":164,"column":11}},"line":158},"23":{"name":"(anonymous_23)","decl":{"start":{"line":159,"column":58},"end":{"line":159,"column":59}},"loc":{"start":{"line":159,"column":65},"end":{"line":159,"column":88}},"line":159},"24":{"name":"(anonymous_24)","decl":{"start":{"line":167,"column":27},"end":{"line":167,"column":28}},"loc":{"start":{"line":168,"column":10},"end":{"line":174,"column":null}},"line":168},"25":{"name":"(anonymous_25)","decl":{"start":{"line":168,"column":14},"end":{"line":168,"column":15}},"loc":{"start":{"line":168,"column":25},"end":{"line":174,"column":11}},"line":168},"26":{"name":"(anonymous_26)","decl":{"start":{"line":169,"column":58},"end":{"line":169,"column":59}},"loc":{"start":{"line":169,"column":65},"end":{"line":169,"column":88}},"line":169},"27":{"name":"(anonymous_27)","decl":{"start":{"line":176,"column":28},"end":{"line":176,"column":29}},"loc":{"start":{"line":177,"column":10},"end":{"line":183,"column":null}},"line":177},"28":{"name":"(anonymous_28)","decl":{"start":{"line":177,"column":14},"end":{"line":177,"column":15}},"loc":{"start":{"line":177,"column":25},"end":{"line":183,"column":11}},"line":177},"29":{"name":"(anonymous_29)","decl":{"start":{"line":178,"column":58},"end":{"line":178,"column":59}},"loc":{"start":{"line":178,"column":65},"end":{"line":178,"column":88}},"line":178},"30":{"name":"(anonymous_30)","decl":{"start":{"line":185,"column":20},"end":{"line":185,"column":21}},"loc":{"start":{"line":186,"column":10},"end":{"line":188,"column":null}},"line":186},"31":{"name":"(anonymous_31)","decl":{"start":{"line":186,"column":14},"end":{"line":186,"column":15}},"loc":{"start":{"line":186,"column":25},"end":{"line":188,"column":11}},"line":186},"32":{"name":"(anonymous_32)","decl":{"start":{"line":190,"column":18},"end":{"line":190,"column":19}},"loc":{"start":{"line":191,"column":10},"end":{"line":193,"column":null}},"line":191},"33":{"name":"(anonymous_33)","decl":{"start":{"line":191,"column":14},"end":{"line":191,"column":15}},"loc":{"start":{"line":191,"column":25},"end":{"line":193,"column":11}},"line":191},"34":{"name":"(anonymous_34)","decl":{"start":{"line":197,"column":20},"end":{"line":197,"column":21}},"loc":{"start":{"line":197,"column":32},"end":{"line":200,"column":null}},"line":197},"35":{"name":"(anonymous_35)","decl":{"start":{"line":208,"column":40},"end":{"line":208,"column":41}},"loc":{"start":{"line":209,"column":2},"end":{"line":209,"column":null}},"line":209},"36":{"name":"(anonymous_36)","decl":{"start":{"line":209,"column":27},"end":{"line":209,"column":28}},"loc":{"start":{"line":209,"column":34},"end":{"line":209,"column":69}},"line":209},"37":{"name":"(anonymous_37)","decl":{"start":{"line":211,"column":42},"end":{"line":211,"column":43}},"loc":{"start":{"line":211,"column":70},"end":{"line":212,"column":null}},"line":211},"38":{"name":"(anonymous_38)","decl":{"start":{"line":211,"column":70},"end":{"line":211,"column":71}},"loc":{"start":{"line":212,"column":2},"end":{"line":212,"column":null}},"line":212},"39":{"name":"(anonymous_39)","decl":{"start":{"line":212,"column":27},"end":{"line":212,"column":28}},"loc":{"start":{"line":212,"column":34},"end":{"line":212,"column":57}},"line":212}},"branchMap":{"0":{"loc":{"start":{"line":78,"column":29},"end":{"line":78,"column":52}},"type":"default-arg","locations":[{"start":{"line":78,"column":37},"end":{"line":78,"column":52}}],"line":78},"1":{"loc":{"start":{"line":96,"column":12},"end":{"line":99,"column":null}},"type":"if","locations":[{"start":{"line":96,"column":12},"end":{"line":99,"column":null}},{"start":{},"end":{}}],"line":96},"2":{"loc":{"start":{"line":98,"column":16},"end":{"line":98,"column":null}},"type":"cond-expr","locations":[{"start":{"line":98,"column":49},"end":{"line":98,"column":77}},{"start":{"line":98,"column":77},"end":{"line":98,"column":null}}],"line":98},"3":{"loc":{"start":{"line":111,"column":12},"end":{"line":125,"column":null}},"type":"if","locations":[{"start":{"line":111,"column":12},"end":{"line":125,"column":null}},{"start":{},"end":{}}],"line":111},"4":{"loc":{"start":{"line":121,"column":14},"end":{"line":124,"column":null}},"type":"if","locations":[{"start":{"line":121,"column":14},"end":{"line":124,"column":null}},{"start":{},"end":{}}],"line":121},"5":{"loc":{"start":{"line":121,"column":18},"end":{"line":121,"column":81}},"type":"binary-expr","locations":[{"start":{"line":121,"column":18},"end":{"line":121,"column":56}},{"start":{"line":121,"column":56},"end":{"line":121,"column":81}}],"line":121},"6":{"loc":{"start":{"line":123,"column":19},"end":{"line":123,"column":null}},"type":"cond-expr","locations":[{"start":{"line":123,"column":49},"end":{"line":123,"column":57}},{"start":{"line":123,"column":57},"end":{"line":123,"column":null}}],"line":123},"7":{"loc":{"start":{"line":131,"column":12},"end":{"line":137,"column":null}},"type":"if","locations":[{"start":{"line":131,"column":12},"end":{"line":137,"column":null}},{"start":{},"end":{}}],"line":131},"8":{"loc":{"start":{"line":133,"column":14},"end":{"line":136,"column":null}},"type":"if","locations":[{"start":{"line":133,"column":14},"end":{"line":136,"column":null}},{"start":{},"end":{}}],"line":133},"9":{"loc":{"start":{"line":143,"column":12},"end":{"line":148,"column":null}},"type":"if","locations":[{"start":{"line":143,"column":12},"end":{"line":148,"column":null}},{"start":{},"end":{}}],"line":143},"10":{"loc":{"start":{"line":160,"column":12},"end":{"line":163,"column":null}},"type":"if","locations":[{"start":{"line":160,"column":12},"end":{"line":163,"column":null}},{"start":{},"end":{}}],"line":160},"11":{"loc":{"start":{"line":160,"column":16},"end":{"line":160,"column":66}},"type":"binary-expr","locations":[{"start":{"line":160,"column":16},"end":{"line":160,"column":32}},{"start":{"line":160,"column":32},"end":{"line":160,"column":66}}],"line":160},"12":{"loc":{"start":{"line":170,"column":12},"end":{"line":173,"column":null}},"type":"if","locations":[{"start":{"line":170,"column":12},"end":{"line":173,"column":null}},{"start":{},"end":{}}],"line":170},"13":{"loc":{"start":{"line":179,"column":12},"end":{"line":182,"column":null}},"type":"if","locations":[{"start":{"line":179,"column":12},"end":{"line":182,"column":null}},{"start":{},"end":{}}],"line":179},"14":{"loc":{"start":{"line":212,"column":2},"end":{"line":212,"column":null}},"type":"binary-expr","locations":[{"start":{"line":212,"column":2},"end":{"line":212,"column":72}},{"start":{"line":212,"column":72},"end":{"line":212,"column":null}}],"line":212}},"s":{"0":1,"1":1,"2":12,"3":12,"4":12,"5":12,"6":12,"7":2,"8":2,"9":4,"10":2,"11":1,"12":0,"13":0,"14":8,"15":8,"16":8,"17":8,"18":8,"19":8,"20":8,"21":8,"22":5,"23":1,"24":1,"25":1,"26":1,"27":1,"28":1,"29":1,"30":1,"31":1,"32":1,"33":1,"34":1,"35":1,"36":1,"37":2,"38":1,"39":2,"40":2,"41":2,"42":2,"43":2,"44":2,"45":2,"46":2,"47":1,"48":1,"49":1,"50":1,"51":1,"52":1,"53":1,"54":1,"55":1,"56":1,"57":1,"58":1,"59":2,"60":2,"61":2,"62":2,"63":47,"64":1,"65":0,"66":0,"67":1,"68":0,"69":0,"70":0},"f":{"0":1,"1":12,"2":12,"3":2,"4":2,"5":4,"6":0,"7":0,"8":8,"9":8,"10":8,"11":1,"12":1,"13":1,"14":1,"15":1,"16":1,"17":1,"18":2,"19":2,"20":2,"21":2,"22":2,"23":2,"24":1,"25":1,"26":1,"27":1,"28":1,"29":1,"30":2,"31":2,"32":2,"33":2,"34":47,"35":0,"36":0,"37":0,"38":0,"39":0},"b":{"0":[12],"1":[1,1],"2":[1,0],"3":[8,0],"4":[5,3],"5":[8,6],"6":[1,4],"7":[1,0],"8":[1,0],"9":[1,0],"10":[2,0],"11":[2,2],"12":[1,0],"13":[1,0],"14":[0,0]},"meta":{"lastBranch":15,"lastFunction":40,"lastStatement":71,"seen":{"s:66:13:205:Infinity":0,"f:69:12:69:13":0,"s:69:22:194:8":1,"f:78:28:78:29":1,"b:78:37:78:52":0,"s:79:21:79:Infinity":2,"s:80:10:89:Infinity":3,"f:80:14:80:15":2,"s:81:12:87:Infinity":4,"s:88:12:88:Infinity":5,"s:90:10:90:Infinity":6,"f:93:28:93:29":3,"s:94:10:100:Infinity":7,"f:94:14:94:15":4,"s:95:12:95:Infinity":8,"f:95:61:95:62":5,"s:95:71:95:85":9,"b:96:12:99:Infinity:undefined:undefined:undefined:undefined":1,"s:96:12:99:Infinity":10,"s:97:14:98:Infinity":11,"b:98:49:98:77:98:77:98:Infinity":2,"f:102:31:102:32":6,"s:103:10:105:Infinity":12,"f:103:14:103:15":7,"s:104:12:104:Infinity":13,"f:108:20:108:21":8,"s:109:10:126:Infinity":14,"f:109:14:109:15":9,"s:110:33:110:Infinity":15,"f:110:58:110:59":10,"s:110:65:110:88":16,"b:111:12:125:Infinity:undefined:undefined:undefined:undefined":3,"s:111:12:125:Infinity":17,"s:112:42:116:Infinity":18,"s:117:14:117:Infinity":19,"s:118:14:118:Infinity":20,"b:121:14:124:Infinity:undefined:undefined:undefined:undefined":4,"s:121:14:124:Infinity":21,"b:121:18:121:56:121:56:121:81":5,"s:122:16:123:Infinity":22,"b:123:49:123:57:123:57:123:Infinity":6,"f:128:23:128:24":11,"s:129:10:138:Infinity":23,"f:129:14:129:15":12,"s:130:33:130:Infinity":24,"f:130:58:130:59":13,"s:130:65:130:88":25,"b:131:12:137:Infinity:undefined:undefined:undefined:undefined":7,"s:131:12:137:Infinity":26,"s:132:30:132:Infinity":27,"f:132:57:132:58":14,"s:132:64:132:82":28,"b:133:14:136:Infinity:undefined:undefined:undefined:undefined":8,"s:133:14:136:Infinity":29,"s:134:16:134:Infinity":30,"s:135:16:135:Infinity":31,"f:140:23:140:24":15,"s:141:10:149:Infinity":32,"f:141:14:141:15":16,"s:142:33:142:Infinity":33,"f:142:58:142:59":17,"s:142:65:142:88":34,"b:143:12:148:Infinity:undefined:undefined:undefined:undefined":9,"s:143:12:148:Infinity":35,"s:144:14:146:Infinity":36,"f:145:16:145:17":18,"s:145:23:145:Infinity":37,"s:147:14:147:Infinity":38,"f:152:22:152:23":19,"s:153:10:155:Infinity":39,"f:153:14:153:15":20,"s:154:12:154:Infinity":40,"f:157:29:157:30":21,"s:158:10:164:Infinity":41,"f:158:14:158:15":22,"s:159:33:159:Infinity":42,"f:159:58:159:59":23,"s:159:65:159:88":43,"b:160:12:163:Infinity:undefined:undefined:undefined:undefined":10,"s:160:12:163:Infinity":44,"b:160:16:160:32:160:32:160:66":11,"s:161:34:161:Infinity":45,"s:162:14:162:Infinity":46,"f:167:27:167:28":24,"s:168:10:174:Infinity":47,"f:168:14:168:15":25,"s:169:33:169:Infinity":48,"f:169:58:169:59":26,"s:169:65:169:88":49,"b:170:12:173:Infinity:undefined:undefined:undefined:undefined":12,"s:170:12:173:Infinity":50,"s:171:14:171:Infinity":51,"s:172:14:172:Infinity":52,"f:176:28:176:29":27,"s:177:10:183:Infinity":53,"f:177:14:177:15":28,"s:178:33:178:Infinity":54,"f:178:58:178:59":29,"s:178:65:178:88":55,"b:179:12:182:Infinity:undefined:undefined:undefined:undefined":13,"s:179:12:182:Infinity":56,"s:180:14:180:Infinity":57,"s:181:14:181:Infinity":58,"f:185:20:185:21":30,"s:186:10:188:Infinity":59,"f:186:14:186:15":31,"s:187:12:187:Infinity":60,"f:190:18:190:19":32,"s:191:10:193:Infinity":61,"f:191:14:191:15":33,"s:192:12:192:Infinity":62,"f:197:20:197:21":34,"s:197:32:200:Infinity":63,"s:208:40:209:Infinity":64,"f:208:40:208:41":35,"s:209:2:209:Infinity":65,"f:209:27:209:28":36,"s:209:34:209:69":66,"s:211:42:212:Infinity":67,"f:211:42:211:43":37,"s:211:70:212:Infinity":68,"f:211:70:211:71":38,"s:212:2:212:Infinity":69,"b:212:2:212:72:212:72:212:Infinity":14,"f:212:27:212:28":39,"s:212:34:212:57":70}}}
,"C:\\Users\\DrissChaouat\\Code\\it-doku\\frontend-new\\src\\stores\\useDocumentStore.ts": {"path":"C:\\Users\\DrissChaouat\\Code\\it-doku\\frontend-new\\src\\stores\\useDocumentStore.ts","statementMap":{"0":{"start":{"line":65,"column":40},"end":{"line":69,"column":null}},"1":{"start":{"line":71,"column":13},"end":{"line":169,"column":null}},"2":{"start":{"line":73,"column":20},"end":{"line":166,"column":6}},"3":{"start":{"line":86,"column":8},"end":{"line":89,"column":null}},"4":{"start":{"line":87,"column":10},"end":{"line":87,"column":null}},"5":{"start":{"line":88,"column":10},"end":{"line":88,"column":null}},"6":{"start":{"line":92,"column":8},"end":{"line":95,"column":null}},"7":{"start":{"line":93,"column":10},"end":{"line":93,"column":null}},"8":{"start":{"line":94,"column":10},"end":{"line":94,"column":null}},"9":{"start":{"line":98,"column":8},"end":{"line":114,"column":null}},"10":{"start":{"line":99,"column":24},"end":{"line":99,"column":null}},"11":{"start":{"line":99,"column":59},"end":{"line":99,"column":72}},"12":{"start":{"line":100,"column":10},"end":{"line":106,"column":null}},"13":{"start":{"line":101,"column":12},"end":{"line":105,"column":null}},"14":{"start":{"line":107,"column":10},"end":{"line":113,"column":null}},"15":{"start":{"line":108,"column":12},"end":{"line":112,"column":null}},"16":{"start":{"line":117,"column":8},"end":{"line":123,"column":null}},"17":{"start":{"line":118,"column":10},"end":{"line":118,"column":null}},"18":{"start":{"line":118,"column":60},"end":{"line":118,"column":73}},"19":{"start":{"line":119,"column":10},"end":{"line":121,"column":null}},"20":{"start":{"line":120,"column":12},"end":{"line":120,"column":null}},"21":{"start":{"line":122,"column":10},"end":{"line":122,"column":null}},"22":{"start":{"line":126,"column":8},"end":{"line":128,"column":null}},"23":{"start":{"line":127,"column":10},"end":{"line":127,"column":null}},"24":{"start":{"line":132,"column":8},"end":{"line":135,"column":null}},"25":{"start":{"line":133,"column":10},"end":{"line":133,"column":null}},"26":{"start":{"line":134,"column":10},"end":{"line":134,"column":null}},"27":{"start":{"line":138,"column":8},"end":{"line":141,"column":null}},"28":{"start":{"line":139,"column":10},"end":{"line":139,"column":null}},"29":{"start":{"line":140,"column":10},"end":{"line":140,"column":null}},"30":{"start":{"line":145,"column":8},"end":{"line":147,"column":null}},"31":{"start":{"line":146,"column":10},"end":{"line":146,"column":null}},"32":{"start":{"line":150,"column":8},"end":{"line":154,"column":null}},"33":{"start":{"line":151,"column":10},"end":{"line":151,"column":null}},"34":{"start":{"line":152,"column":10},"end":{"line":152,"column":null}},"35":{"start":{"line":153,"column":10},"end":{"line":153,"column":null}},"36":{"start":{"line":158,"column":8},"end":{"line":160,"column":null}},"37":{"start":{"line":159,"column":10},"end":{"line":159,"column":null}},"38":{"start":{"line":163,"column":8},"end":{"line":165,"column":null}},"39":{"start":{"line":164,"column":10},"end":{"line":164,"column":null}},"40":{"start":{"line":172,"column":39},"end":{"line":210,"column":null}},"41":{"start":{"line":173,"column":17},"end":{"line":173,"column":null}},"42":{"start":{"line":176,"column":2},"end":{"line":184,"column":null}},"43":{"start":{"line":177,"column":19},"end":{"line":177,"column":null}},"44":{"start":{"line":178,"column":4},"end":{"line":183,"column":null}},"45":{"start":{"line":180,"column":8},"end":{"line":182,"column":null}},"46":{"start":{"line":182,"column":31},"end":{"line":182,"column":65}},"47":{"start":{"line":187,"column":2},"end":{"line":189,"column":null}},"48":{"start":{"line":188,"column":4},"end":{"line":188,"column":null}},"49":{"start":{"line":188,"column":40},"end":{"line":188,"column":79}},"50":{"start":{"line":192,"column":2},"end":{"line":196,"column":null}},"51":{"start":{"line":193,"column":4},"end":{"line":195,"column":null}},"52":{"start":{"line":194,"column":6},"end":{"line":194,"column":null}},"53":{"start":{"line":194,"column":39},"end":{"line":194,"column":61}},"54":{"start":{"line":199,"column":2},"end":{"line":207,"column":null}},"55":{"start":{"line":200,"column":4},"end":{"line":206,"column":null}},"56":{"start":{"line":201,"column":22},"end":{"line":201,"column":null}},"57":{"start":{"line":202,"column":6},"end":{"line":204,"column":null}},"58":{"start":{"line":209,"column":2},"end":{"line":209,"column":null}},"59":{"start":{"line":212,"column":40},"end":{"line":217,"column":null}},"60":{"start":{"line":213,"column":19},"end":{"line":213,"column":null}},"61":{"start":{"line":214,"column":8},"end":{"line":214,"column":null}},"62":{"start":{"line":215,"column":14},"end":{"line":215,"column":null}},"63":{"start":{"line":216,"column":2},"end":{"line":216,"column":null}}},"fnMap":{"0":{"name":"(anonymous_0)","decl":{"start":{"line":73,"column":10},"end":{"line":73,"column":11}},"loc":{"start":{"line":73,"column":20},"end":{"line":166,"column":6}},"line":73},"1":{"name":"(anonymous_1)","decl":{"start":{"line":85,"column":20},"end":{"line":85,"column":21}},"loc":{"start":{"line":86,"column":8},"end":{"line":89,"column":null}},"line":86},"2":{"name":"(anonymous_2)","decl":{"start":{"line":86,"column":12},"end":{"line":86,"column":13}},"loc":{"start":{"line":86,"column":23},"end":{"line":89,"column":9}},"line":86},"3":{"name":"(anonymous_3)","decl":{"start":{"line":91,"column":19},"end":{"line":91,"column":20}},"loc":{"start":{"line":92,"column":8},"end":{"line":95,"column":null}},"line":92},"4":{"name":"(anonymous_4)","decl":{"start":{"line":92,"column":12},"end":{"line":92,"column":13}},"loc":{"start":{"line":92,"column":23},"end":{"line":95,"column":9}},"line":92},"5":{"name":"(anonymous_5)","decl":{"start":{"line":97,"column":22},"end":{"line":97,"column":23}},"loc":{"start":{"line":98,"column":8},"end":{"line":114,"column":null}},"line":98},"6":{"name":"(anonymous_6)","decl":{"start":{"line":98,"column":12},"end":{"line":98,"column":13}},"loc":{"start":{"line":98,"column":23},"end":{"line":114,"column":9}},"line":98},"7":{"name":"(anonymous_7)","decl":{"start":{"line":99,"column":50},"end":{"line":99,"column":51}},"loc":{"start":{"line":99,"column":59},"end":{"line":99,"column":72}},"line":99},"8":{"name":"(anonymous_8)","decl":{"start":{"line":116,"column":22},"end":{"line":116,"column":23}},"loc":{"start":{"line":117,"column":8},"end":{"line":123,"column":null}},"line":117},"9":{"name":"(anonymous_9)","decl":{"start":{"line":117,"column":12},"end":{"line":117,"column":13}},"loc":{"start":{"line":117,"column":23},"end":{"line":123,"column":9}},"line":117},"10":{"name":"(anonymous_10)","decl":{"start":{"line":118,"column":51},"end":{"line":118,"column":52}},"loc":{"start":{"line":118,"column":60},"end":{"line":118,"column":73}},"line":118},"11":{"name":"(anonymous_11)","decl":{"start":{"line":125,"column":22},"end":{"line":125,"column":23}},"loc":{"start":{"line":126,"column":8},"end":{"line":128,"column":null}},"line":126},"12":{"name":"(anonymous_12)","decl":{"start":{"line":126,"column":12},"end":{"line":126,"column":13}},"loc":{"start":{"line":126,"column":23},"end":{"line":128,"column":9}},"line":126},"13":{"name":"(anonymous_13)","decl":{"start":{"line":131,"column":18},"end":{"line":131,"column":19}},"loc":{"start":{"line":132,"column":8},"end":{"line":135,"column":null}},"line":132},"14":{"name":"(anonymous_14)","decl":{"start":{"line":132,"column":12},"end":{"line":132,"column":13}},"loc":{"start":{"line":132,"column":23},"end":{"line":135,"column":9}},"line":132},"15":{"name":"(anonymous_15)","decl":{"start":{"line":137,"column":20},"end":{"line":137,"column":null}},"loc":{"start":{"line":138,"column":8},"end":{"line":141,"column":null}},"line":138},"16":{"name":"(anonymous_16)","decl":{"start":{"line":138,"column":12},"end":{"line":138,"column":13}},"loc":{"start":{"line":138,"column":23},"end":{"line":141,"column":9}},"line":138},"17":{"name":"(anonymous_17)","decl":{"start":{"line":144,"column":15},"end":{"line":144,"column":16}},"loc":{"start":{"line":145,"column":8},"end":{"line":147,"column":null}},"line":145},"18":{"name":"(anonymous_18)","decl":{"start":{"line":145,"column":12},"end":{"line":145,"column":13}},"loc":{"start":{"line":145,"column":23},"end":{"line":147,"column":9}},"line":145},"19":{"name":"(anonymous_19)","decl":{"start":{"line":149,"column":19},"end":{"line":149,"column":20}},"loc":{"start":{"line":150,"column":8},"end":{"line":154,"column":null}},"line":150},"20":{"name":"(anonymous_20)","decl":{"start":{"line":150,"column":12},"end":{"line":150,"column":13}},"loc":{"start":{"line":150,"column":23},"end":{"line":154,"column":9}},"line":150},"21":{"name":"(anonymous_21)","decl":{"start":{"line":157,"column":18},"end":{"line":157,"column":19}},"loc":{"start":{"line":158,"column":8},"end":{"line":160,"column":null}},"line":158},"22":{"name":"(anonymous_22)","decl":{"start":{"line":158,"column":12},"end":{"line":158,"column":13}},"loc":{"start":{"line":158,"column":23},"end":{"line":160,"column":9}},"line":158},"23":{"name":"(anonymous_23)","decl":{"start":{"line":162,"column":16},"end":{"line":162,"column":17}},"loc":{"start":{"line":163,"column":8},"end":{"line":165,"column":null}},"line":163},"24":{"name":"(anonymous_24)","decl":{"start":{"line":163,"column":12},"end":{"line":163,"column":13}},"loc":{"start":{"line":163,"column":23},"end":{"line":165,"column":9}},"line":163},"25":{"name":"(anonymous_25)","decl":{"start":{"line":172,"column":39},"end":{"line":172,"column":40}},"loc":{"start":{"line":172,"column":65},"end":{"line":210,"column":null}},"line":172},"26":{"name":"(anonymous_26)","decl":{"start":{"line":179,"column":6},"end":{"line":179,"column":7}},"loc":{"start":{"line":180,"column":8},"end":{"line":182,"column":null}},"line":180},"27":{"name":"(anonymous_27)","decl":{"start":{"line":182,"column":22},"end":{"line":182,"column":23}},"loc":{"start":{"line":182,"column":31},"end":{"line":182,"column":65}},"line":182},"28":{"name":"(anonymous_28)","decl":{"start":{"line":188,"column":31},"end":{"line":188,"column":32}},"loc":{"start":{"line":188,"column":40},"end":{"line":188,"column":79}},"line":188},"29":{"name":"(anonymous_29)","decl":{"start":{"line":193,"column":31},"end":{"line":193,"column":32}},"loc":{"start":{"line":194,"column":6},"end":{"line":194,"column":null}},"line":194},"30":{"name":"(anonymous_30)","decl":{"start":{"line":194,"column":30},"end":{"line":194,"column":31}},"loc":{"start":{"line":194,"column":39},"end":{"line":194,"column":61}},"line":194},"31":{"name":"(anonymous_31)","decl":{"start":{"line":200,"column":31},"end":{"line":200,"column":32}},"loc":{"start":{"line":200,"column":40},"end":{"line":206,"column":5}},"line":200},"32":{"name":"(anonymous_32)","decl":{"start":{"line":212,"column":40},"end":{"line":212,"column":41}},"loc":{"start":{"line":212,"column":66},"end":{"line":217,"column":null}},"line":212}},"branchMap":{"0":{"loc":{"start":{"line":100,"column":10},"end":{"line":106,"column":null}},"type":"if","locations":[{"start":{"line":100,"column":10},"end":{"line":106,"column":null}},{"start":{},"end":{}}],"line":100},"1":{"loc":{"start":{"line":107,"column":10},"end":{"line":113,"column":null}},"type":"if","locations":[{"start":{"line":107,"column":10},"end":{"line":113,"column":null}},{"start":{},"end":{}}],"line":107},"2":{"loc":{"start":{"line":119,"column":10},"end":{"line":121,"column":null}},"type":"if","locations":[{"start":{"line":119,"column":10},"end":{"line":121,"column":null}},{"start":{},"end":{}}],"line":119},"3":{"loc":{"start":{"line":176,"column":2},"end":{"line":184,"column":null}},"type":"if","locations":[{"start":{"line":176,"column":2},"end":{"line":184,"column":null}},{"start":{},"end":{}}],"line":176},"4":{"loc":{"start":{"line":180,"column":8},"end":{"line":182,"column":null}},"type":"binary-expr","locations":[{"start":{"line":180,"column":8},"end":{"line":180,"column":null}},{"start":{"line":181,"column":8},"end":{"line":181,"column":null}},{"start":{"line":182,"column":8},"end":{"line":182,"column":null}}],"line":180},"5":{"loc":{"start":{"line":187,"column":2},"end":{"line":189,"column":null}},"type":"if","locations":[{"start":{"line":187,"column":2},"end":{"line":189,"column":null}},{"start":{},"end":{}}],"line":187},"6":{"loc":{"start":{"line":192,"column":2},"end":{"line":196,"column":null}},"type":"if","locations":[{"start":{"line":192,"column":2},"end":{"line":196,"column":null}},{"start":{},"end":{}}],"line":192},"7":{"loc":{"start":{"line":199,"column":2},"end":{"line":207,"column":null}},"type":"if","locations":[{"start":{"line":199,"column":2},"end":{"line":207,"column":null}},{"start":{},"end":{}}],"line":199},"8":{"loc":{"start":{"line":203,"column":8},"end":{"line":204,"column":null}},"type":"binary-expr","locations":[{"start":{"line":203,"column":8},"end":{"line":203,"column":null}},{"start":{"line":204,"column":8},"end":{"line":204,"column":null}}],"line":203}},"s":{"0":1,"1":1,"2":1,"3":1,"4":1,"5":1,"6":4,"7":4,"8":4,"9":1,"10":1,"11":1,"12":1,"13":1,"14":1,"15":0,"16":1,"17":1,"18":1,"19":1,"20":0,"21":1,"22":1,"23":1,"24":4,"25":4,"26":4,"27":1,"28":1,"29":1,"30":3,"31":3,"32":1,"33":1,"34":1,"35":1,"36":0,"37":0,"38":0,"39":0,"40":1,"41":0,"42":0,"43":0,"44":0,"45":0,"46":0,"47":0,"48":0,"49":0,"50":0,"51":0,"52":0,"53":0,"54":0,"55":0,"56":0,"57":0,"58":0,"59":1,"60":0,"61":0,"62":0,"63":0},"f":{"0":1,"1":1,"2":1,"3":4,"4":4,"5":1,"6":1,"7":1,"8":1,"9":1,"10":1,"11":1,"12":1,"13":4,"14":4,"15":1,"16":1,"17":3,"18":3,"19":1,"20":1,"21":0,"22":0,"23":0,"24":0,"25":0,"26":0,"27":0,"28":0,"29":0,"30":0,"31":0,"32":0},"b":{"0":[1,0],"1":[0,1],"2":[0,1],"3":[0,0],"4":[0,0,0],"5":[0,0],"6":[0,0],"7":[0,0],"8":[0,0]},"meta":{"lastBranch":9,"lastFunction":33,"lastStatement":64,"seen":{"s:65:40:69:Infinity":0,"s:71:13:169:Infinity":1,"f:73:10:73:11":0,"s:73:20:166:6":2,"f:85:20:85:21":1,"s:86:8:89:Infinity":3,"f:86:12:86:13":2,"s:87:10:87:Infinity":4,"s:88:10:88:Infinity":5,"f:91:19:91:20":3,"s:92:8:95:Infinity":6,"f:92:12:92:13":4,"s:93:10:93:Infinity":7,"s:94:10:94:Infinity":8,"f:97:22:97:23":5,"s:98:8:114:Infinity":9,"f:98:12:98:13":6,"s:99:24:99:Infinity":10,"f:99:50:99:51":7,"s:99:59:99:72":11,"b:100:10:106:Infinity:undefined:undefined:undefined:undefined":0,"s:100:10:106:Infinity":12,"s:101:12:105:Infinity":13,"b:107:10:113:Infinity:undefined:undefined:undefined:undefined":1,"s:107:10:113:Infinity":14,"s:108:12:112:Infinity":15,"f:116:22:116:23":8,"s:117:8:123:Infinity":16,"f:117:12:117:13":9,"s:118:10:118:Infinity":17,"f:118:51:118:52":10,"s:118:60:118:73":18,"b:119:10:121:Infinity:undefined:undefined:undefined:undefined":2,"s:119:10:121:Infinity":19,"s:120:12:120:Infinity":20,"s:122:10:122:Infinity":21,"f:125:22:125:23":11,"s:126:8:128:Infinity":22,"f:126:12:126:13":12,"s:127:10:127:Infinity":23,"f:131:18:131:19":13,"s:132:8:135:Infinity":24,"f:132:12:132:13":14,"s:133:10:133:Infinity":25,"s:134:10:134:Infinity":26,"f:137:20:137:Infinity":15,"s:138:8:141:Infinity":27,"f:138:12:138:13":16,"s:139:10:139:Infinity":28,"s:140:10:140:Infinity":29,"f:144:15:144:16":17,"s:145:8:147:Infinity":30,"f:145:12:145:13":18,"s:146:10:146:Infinity":31,"f:149:19:149:20":19,"s:150:8:154:Infinity":32,"f:150:12:150:13":20,"s:151:10:151:Infinity":33,"s:152:10:152:Infinity":34,"s:153:10:153:Infinity":35,"f:157:18:157:19":21,"s:158:8:160:Infinity":36,"f:158:12:158:13":22,"s:159:10:159:Infinity":37,"f:162:16:162:17":23,"s:163:8:165:Infinity":38,"f:163:12:163:13":24,"s:164:10:164:Infinity":39,"s:172:39:210:Infinity":40,"f:172:39:172:40":25,"s:173:17:173:Infinity":41,"b:176:2:184:Infinity:undefined:undefined:undefined:undefined":3,"s:176:2:184:Infinity":42,"s:177:19:177:Infinity":43,"s:178:4:183:Infinity":44,"f:179:6:179:7":26,"s:180:8:182:Infinity":45,"b:180:8:180:Infinity:181:8:181:Infinity:182:8:182:Infinity":4,"f:182:22:182:23":27,"s:182:31:182:65":46,"b:187:2:189:Infinity:undefined:undefined:undefined:undefined":5,"s:187:2:189:Infinity":47,"s:188:4:188:Infinity":48,"f:188:31:188:32":28,"s:188:40:188:79":49,"b:192:2:196:Infinity:undefined:undefined:undefined:undefined":6,"s:192:2:196:Infinity":50,"s:193:4:195:Infinity":51,"f:193:31:193:32":29,"s:194:6:194:Infinity":52,"f:194:30:194:31":30,"s:194:39:194:61":53,"b:199:2:207:Infinity:undefined:undefined:undefined:undefined":7,"s:199:2:207:Infinity":54,"s:200:4:206:Infinity":55,"f:200:31:200:32":31,"s:201:22:201:Infinity":56,"s:202:6:204:Infinity":57,"b:203:8:203:Infinity:204:8:204:Infinity":8,"s:209:2:209:Infinity":58,"s:212:40:217:Infinity":59,"f:212:40:212:41":32,"s:213:19:213:Infinity":60,"s:214:8:214:Infinity":61,"s:215:14:215:Infinity":62,"s:216:2:216:Infinity":63}}}
}
